<?xml version="1.0" encoding="UTF-8" ?>
<testsuite tests="36" failures="0" name="ca.qc.bdeb.baldr.noyau.TaskTest" time="0.005" errors="0" skipped="0">
  <properties>
    <property name="java.runtime.name" value="Java(TM) SE Runtime Environment"/>
    <property name="sun.boot.library.path" value="C:\Program Files\Java\jdk1.8.0_111\jre\bin"/>
    <property name="java.vm.version" value="25.111-b14"/>
    <property name="java.vm.vendor" value="Oracle Corporation"/>
    <property name="java.vendor.url" value="http://java.oracle.com/"/>
    <property name="path.separator" value=";"/>
    <property name="guice.disable.misplaced.annotation.check" value="true"/>
    <property name="java.vm.name" value="Java HotSpot(TM) 64-Bit Server VM"/>
    <property name="file.encoding.pkg" value="sun.io"/>
    <property name="user.script" value=""/>
    <property name="user.country" value="US"/>
    <property name="sun.java.launcher" value="SUN_STANDARD"/>
    <property name="sun.os.patch.level" value=""/>
    <property name="java.vm.specification.name" value="Java Virtual Machine Specification"/>
    <property name="user.dir" value="C:\Users\Lukman\Desktop\Baldr2"/>
    <property name="java.runtime.version" value="1.8.0_111-b14"/>
    <property name="java.awt.graphicsenv" value="sun.awt.Win32GraphicsEnvironment"/>
    <property name="java.endorsed.dirs" value="C:\Program Files\Java\jdk1.8.0_111\jre\lib\endorsed"/>
    <property name="os.arch" value="amd64"/>
    <property name="java.io.tmpdir" value="C:\Users\Lukman\AppData\Local\Temp\"/>
    <property name="line.separator" value="
"/>
    <property name="java.vm.specification.vendor" value="Oracle Corporation"/>
    <property name="user.variant" value=""/>
    <property name="os.name" value="Windows 10"/>
    <property name="maven.ext.class.path" value="C:\Program Files\NetBeans 8.2\java\maven-nblib\netbeans-eventspy.jar"/>
    <property name="classworlds.conf" value="C:\Program Files\NetBeans 8.2\java\maven\bin\m2.conf"/>
    <property name="sun.jnu.encoding" value="Cp1252"/>
    <property name="java.library.path" value="C:\Program Files\Java\jdk1.8.0_111\bin;C:\WINDOWS\Sun\Java\bin;C:\WINDOWS\system32;C:\WINDOWS;C:\Program Files (x86)\Common Files\Oracle\Java\javapath;C:\Program Files (x86)\Intel\Intel(R) Management Engine Components\iCLS\;C:\Program Files\Intel\Intel(R) Management Engine Components\iCLS\;C:\Windows\system32;C:\Windows;C:\Windows\System32\Wbem;C:\Windows\System32\WindowsPowerShell\v1.0\;C:\Program Files (x86)\Intel\Intel(R) Management Engine Components\DAL;C:\Program Files\Intel\Intel(R) Management Engine Components\DAL;C:\Program Files (x86)\Intel\Intel(R) Management Engine Components\IPT;C:\Program Files\Intel\Intel(R) Management Engine Components\IPT;C:\Program Files (x86)\NVIDIA Corporation\PhysX\Common;C:\Program Files\Intel\WiFi\bin\;C:\Program Files\Common Files\Intel\WirelessCommon\;C:\Program Files\dotnet\;C:\WINDOWS\system32;C:\WINDOWS;C:\WINDOWS\System32\Wbem;C:\WINDOWS\System32\WindowsPowerShell\v1.0\;C:\WINDOWS\System32\OpenSSH\;C:\Program Files\TortoiseSVN\bin;C:\Users\Lukman\AppData\Local\Microsoft\WindowsApps;C:\Users\Lukman\AppData\Local\GitHubDesktop\bin;."/>
    <property name="java.specification.name" value="Java Platform API Specification"/>
    <property name="java.class.version" value="52.0"/>
    <property name="sun.management.compiler" value="HotSpot 64-Bit Tiered Compilers"/>
    <property name="os.version" value="10.0"/>
    <property name="user.home" value="C:\Users\Lukman"/>
    <property name="user.timezone" value="America/New_York"/>
    <property name="java.awt.printerjob" value="sun.awt.windows.WPrinterJob"/>
    <property name="java.specification.version" value="1.8"/>
    <property name="file.encoding" value="UTF-8"/>
    <property name="user.name" value="Lukman"/>
    <property name="java.class.path" value="C:\Program Files\NetBeans 8.2\java\maven\boot\plexus-classworlds-2.4.jar"/>
    <property name="java.vm.specification.version" value="1.8"/>
    <property name="sun.arch.data.model" value="64"/>
    <property name="java.home" value="C:\Program Files\Java\jdk1.8.0_111\jre"/>
    <property name="sun.java.command" value="org.codehaus.plexus.classworlds.launcher.Launcher -Dmaven.ext.class.path=C:\Program Files\NetBeans 8.2\java\maven-nblib\netbeans-eventspy.jar -Dfile.encoding=UTF-8 clean install"/>
    <property name="java.specification.vendor" value="Oracle Corporation"/>
    <property name="user.language" value="en"/>
    <property name="awt.toolkit" value="sun.awt.windows.WToolkit"/>
    <property name="java.vm.info" value="mixed mode"/>
    <property name="java.version" value="1.8.0_111"/>
    <property name="java.ext.dirs" value="C:\Program Files\Java\jdk1.8.0_111\jre\lib\ext;C:\WINDOWS\Sun\Java\lib\ext"/>
    <property name="sun.boot.class.path" value="C:\Program Files\Java\jdk1.8.0_111\jre\lib\resources.jar;C:\Program Files\Java\jdk1.8.0_111\jre\lib\rt.jar;C:\Program Files\Java\jdk1.8.0_111\jre\lib\sunrsasign.jar;C:\Program Files\Java\jdk1.8.0_111\jre\lib\jsse.jar;C:\Program Files\Java\jdk1.8.0_111\jre\lib\jce.jar;C:\Program Files\Java\jdk1.8.0_111\jre\lib\charsets.jar;C:\Program Files\Java\jdk1.8.0_111\jre\lib\jfr.jar;C:\Program Files\Java\jdk1.8.0_111\jre\classes"/>
    <property name="java.vendor" value="Oracle Corporation"/>
    <property name="maven.home" value="C:\Program Files\NetBeans 8.2\java\maven"/>
    <property name="file.separator" value="\"/>
    <property name="java.vendor.url.bug" value="http://bugreport.sun.com/bugreport/"/>
    <property name="sun.cpu.endian" value="little"/>
    <property name="sun.io.unicode.encoding" value="UnicodeLittle"/>
    <property name="sun.desktop" value="windows"/>
    <property name="sun.cpu.isalist" value="amd64"/>
  </properties>
  <testcase classname="ca.qc.bdeb.baldr.noyau.TaskTest" name="testAnalyseConcatenationFichierContenuDifferent" time="0"/>
  <testcase classname="ca.qc.bdeb.baldr.noyau.TaskTest" name="testEnleverCommentairesRessemblanceAssembleur" time="0"/>
  <testcase classname="ca.qc.bdeb.baldr.noyau.TaskTest" name="TesterCacherFichier" time="0"/>
  <testcase classname="ca.qc.bdeb.baldr.noyau.TaskTest" name="testVerifierOccurenceSousDossier" time="0"/>
  <testcase classname="ca.qc.bdeb.baldr.noyau.TaskTest" name="testAjouterObservateur" time="0"/>
  <testcase classname="ca.qc.bdeb.baldr.noyau.TaskTest" name="testStop" time="0"/>
  <testcase classname="ca.qc.bdeb.baldr.noyau.TaskTest" name="testEnleverLignesBlanches" time="0"/>
  <testcase classname="ca.qc.bdeb.baldr.noyau.TaskTest" name="testFichiersDifferentsLecteurs" time="0"/>
  <testcase classname="ca.qc.bdeb.baldr.noyau.TaskTest" name="testRetirerFichiers" time="0"/>
  <testcase classname="ca.qc.bdeb.baldr.noyau.TaskTest" name="testVerifierAnalyseFaite" time="0"/>
  <testcase classname="ca.qc.bdeb.baldr.noyau.TaskTest" name="testFilesNull" time="0"/>
  <testcase classname="ca.qc.bdeb.baldr.noyau.TaskTest" name="testEnleverUnFichier" time="0"/>
  <testcase classname="ca.qc.bdeb.baldr.noyau.TaskTest" name="testGetFile" time="0"/>
  <testcase classname="ca.qc.bdeb.baldr.noyau.TaskTest" name="testConcatenerFichiersSansSources" time="0"/>
  <testcase classname="ca.qc.bdeb.baldr.noyau.TaskTest" name="testMarquerRestauration" time="0"/>
  <testcase classname="ca.qc.bdeb.baldr.noyau.TaskTest" name="testContientTache" time="0"/>
  <testcase classname="ca.qc.bdeb.baldr.noyau.TaskTest" name="testSupprimerSource" time="0"/>
  <testcase classname="ca.qc.bdeb.baldr.noyau.TaskTest" name="estSommaireTest" time="0"/>
  <testcase classname="ca.qc.bdeb.baldr.noyau.TaskTest" name="testMettreAJourFichiersConcatenation" time="0"/>
  <testcase classname="ca.qc.bdeb.baldr.noyau.TaskTest" name="testIsSource" time="0"/>
  <testcase classname="ca.qc.bdeb.baldr.noyau.TaskTest" name="testConcatenerFichiers" time="0"/>
  <testcase classname="ca.qc.bdeb.baldr.noyau.TaskTest" name="testGetFileNull" time="0"/>
  <testcase classname="ca.qc.bdeb.baldr.noyau.TaskTest" name="testMakeComp" time="0"/>
  <testcase classname="ca.qc.bdeb.baldr.noyau.TaskTest" name="testerGetRes" time="0"/>
  <testcase classname="ca.qc.bdeb.baldr.noyau.TaskTest" name="testAnalyseConcatenationFichierContenuIdentique" time="0"/>
  <testcase classname="ca.qc.bdeb.baldr.noyau.TaskTest" name="faireTestComparaison" time="0"/>
  <testcase classname="ca.qc.bdeb.baldr.noyau.TaskTest" name="testEnleverCommentairesRessemblanceSql" time="0"/>
  <testcase classname="ca.qc.bdeb.baldr.noyau.TaskTest" name="testEnleverCommentairesRessemblanceCSharp" time="0"/>
  <testcase classname="ca.qc.bdeb.baldr.noyau.TaskTest" name="testMettreAJourFichiers" time="0"/>
  <testcase classname="ca.qc.bdeb.baldr.noyau.TaskTest" name="testVerifierSiMemeSource" time="0"/>
  <testcase classname="ca.qc.bdeb.baldr.noyau.TaskTest" name="testTrouverFIchierSource" time="0"/>
  <testcase classname="ca.qc.bdeb.baldr.noyau.TaskTest" name="testAnalyseConcatenation" time="0"/>
  <testcase classname="ca.qc.bdeb.baldr.noyau.TaskTest" name="testEnleverObservateur" time="0"/>
  <testcase classname="ca.qc.bdeb.baldr.noyau.TaskTest" name="testEnleverCommentairesRessemblancePython" time="0"/>
  <testcase classname="ca.qc.bdeb.baldr.noyau.TaskTest" name="testSetFiles" time="0"/>
  <testcase classname="ca.qc.bdeb.baldr.noyau.TaskTest" name="testRetirerSource" time="0"/>
</testsuite>